MPASM 5.77  /HOME/SUANNYFABYNE/MPLABXPROJECT   8-3-2018  18:52:42         PAGE  1


LOC  OBJECT CODE     LINE SOURCE TEXT
  VALUE

                      00001 ;* * * * * * * * * * * * * * * * * * * * * * * * * * * * * * * * * *
                      00002 ;*              MODIFICAÇÕES PARA USO COM 12F675                   *
                      00003 ;*                FEITAS PELO PROF. MARDSON                        *
                      00004 ;*                    FEVEREIRO DE 2016                            *
                      00005 ;* * * * * * * * * * * * * * * * * * * * * * * * * * * * * * * * * *
                      00006 
                      00007 ;* * * * * * * * * * * * * * * * * * * * * * * * * * * * * * * * * *
                      00008 ;*                       NOME DO PROJETO                           *
                      00009 ;*                           CLIENTE                               *
                      00010 ;*         DESENVOLVIDO PELA MOSAICO ENGENHARIA E CONSULTORIA      *
                      00011 ;*   VERSÃO: 1.0                           DATA: 17/06/03          *
                      00012 ;* * * * * * * * * * * * * * * * * * * * * * * * * * * * * * * * * *
                      00013 ;*                     DESCRIÇÃO DO ARQUIVO                        *
                      00014 ;*-----------------------------------------------------------------*
                      00015 ;*   MODELO PARA O PIC 12F675                                      *
                      00016 ;*                                                                 *
                      00017 ;*                                                                 *
                      00018 ;* * * * * * * * * * * * * * * * * * * * * * * * * * * * * * * * * *
                      00019 
                      00020 ;* * * * * * * * * * * * * * * * * * * * * * * * * * * * * * * * * *
                      00021 ;*                     ARQUIVOS DE DEFINIÇÕES                      *
                      00022 ;* * * * * * * * * * * * * * * * * * * * * * * * * * * * * * * * * *
                      00023 #INCLUDE <p12f675.inc>  ;ARQUIVO PADRÃO MICROCHIP PARA 12F675
                      00001         LIST
                      00002 
                      00003 ;==========================================================================
                      00004 ; Build date : Nov 22 2017
                      00005 ;  MPASM PIC12F675 processor include
                      00006 ; 
                      00007 ;  (c) Copyright 1999-2017 Microchip Technology, All rights reserved
                      00008 ;==========================================================================
                      00009 
                      00367         LIST
                      00024 
2007   3F84           00025         __CONFIG _BODEN_OFF & _CP_OFF & _PWRTE_ON & _WDT_OFF & _MCLRE_OFF & _INTRC_OSC_NOCLKOUT
                      00026 
                      00027 ;* * * * * * * * * * * * * * * * * * * * * * * * * * * * * * * * * *
                      00028 ;*                    PAGINAÇÃO DE MEMÓRIA                         *
                      00029 ;* * * * * * * * * * * * * * * * * * * * * * * * * * * * * * * * * *
                      00030 ;DEFINIÇÃO DE COMANDOS DE USUÁRIO PARA ALTERAÇÃO DA PÁGINA DE MEMÓRIA
                      00031 #DEFINE BANK0   BCF STATUS,RP0  ;SETA BANK 0 DE MEMÓRIA
                      00032 #DEFINE BANK1   BSF STATUS,RP0  ;SETA BANK 1 DE MAMÓRIA
                      00033 
                      00034 ;* * * * * * * * * * * * * * * * * * * * * * * * * * * * * * * * * *
                      00035 ;*                         VARIÁVEIS                               *
                      00036 ;* * * * * * * * * * * * * * * * * * * * * * * * * * * * * * * * * *
                      00037 ; DEFINIÇÃO DOS NOMES E ENDEREÇOS DE TODAS AS VARIÁVEIS UTILIZADAS 
                      00038 ; PELO SISTEMA
                      00039 
                      00040         CBLOCK  0x20    ;ENDEREÇO INICIAL DA MEMÓRIA DE
                      00041                                         ;USUÁRIO
  00000020            00042                 W_TEMP          ;REGISTRADORES TEMPORÁRIOS PARA USO
  00000021            00043                 STATUS_TEMP     ;JUNTO ÀS INTERRUPÇÕES
MPASM 5.77  /HOME/SUANNYFABYNE/MPLABXPROJECT   8-3-2018  18:52:42         PAGE  2


LOC  OBJECT CODE     LINE SOURCE TEXT
  VALUE

  00000022            00044                 AUXILIAR
  00000023            00045                 CONT
  00000024            00046                 CONTDELAY
                      00047                 ;NOVAS VARIÁVEIS
                      00048 
                      00049         ENDC                    ;FIM DO BLOCO DE MEMÓRIA
                      00050 ;* * * * * * * * * * * * * * * * * * * * * * * * * * * * * * * * * *
                      00051 ;*                        FLAGS INTERNOS                           *
                      00052 ;* * * * * * * * * * * * * * * * * * * * * * * * * * * * * * * * * *
                      00053 ; DEFINIÇÃO DE TODOS OS FLAGS UTILIZADOS PELO SISTEMA
                      00054 
                      00055 ;* * * * * * * * * * * * * * * * * * * * * * * * * * * * * * * * * *
                      00056 ;*                         CONSTANTES                              *
                      00057 ;* * * * * * * * * * * * * * * * * * * * * * * * * * * * * * * * * *
                      00058 ; DEFINIÇÃO DE TODAS AS CONSTANTES UTILIZADAS PELO SISTEMA
                      00059 
                      00060 ;* * * * * * * * * * * * * * * * * * * * * * * * * * * * * * * * * *
                      00061 ;*                           ENTRADAS                              *
                      00062 ;* * * * * * * * * * * * * * * * * * * * * * * * * * * * * * * * * *
                      00063 ; DEFINIÇÃO DE TODOS OS PINOS QUE SERÃO UTILIZADOS COMO ENTRADA
                      00064 ; RECOMENDAMOS TAMBÉM COMENTAR O SIGNIFICADO DE SEUS ESTADOS (0 E 1)
                      00065 
                      00066 ;* * * * * * * * * * * * * * * * * * * * * * * * * * * * * * * * * *
                      00067 ;*                           SAÍDAS                                *
                      00068 ;* * * * * * * * * * * * * * * * * * * * * * * * * * * * * * * * * *
                      00069 ; DEFINIÇÃO DE TODOS OS PINOS QUE SERÃO UTILIZADOS COMO SAÍDA
                      00070 ; RECOMENDAMOS TAMBÉM COMENTAR O SIGNIFICADO DE SEUS ESTADOS (0 E 1)
                      00071 
                      00072 ;* * * * * * * * * * * * * * * * * * * * * * * * * * * * * * * * * *
                      00073 ;*                       VETOR DE RESET                            *
                      00074 ;* * * * * * * * * * * * * * * * * * * * * * * * * * * * * * * * * *
                      00075 
0000                  00076         ORG     0x00                    ;ENDEREÇO INICIAL DE PROCESSAMENTO
0000   280D           00077         GOTO    INICIO
                      00078         
                      00079 ;* * * * * * * * * * * * * * * * * * * * * * * * * * * * * * * * * *
                      00080 ;*                    INÍCIO DA INTERRUPÇÃO                        *
                      00081 ;* * * * * * * * * * * * * * * * * * * * * * * * * * * * * * * * * *
                      00082 ; ENDEREÇO DE DESVIO DAS INTERRUPÇÕES. A PRIMEIRA TAREFA É SALVAR OS
                      00083 ; VALORES DE "W" E "STATUS" PARA RECUPERAÇÃO FUTURA
                      00084 
0004                  00085         ORG     0x04                    ;ENDEREÇO INICIAL DA INTERRUPÇÃO
0004   00A0           00086         MOVWF   W_TEMP          ;COPIA W PARA W_TEMP
0005   0E03           00087         SWAPF   STATUS,W
0006   00A1           00088         MOVWF   STATUS_TEMP     ;COPIA STATUS PARA STATUS_TEMP
                      00089 
                      00090 ;* * * * * * * * * * * * * * * * * * * * * * * * * * * * * * * * * *
                      00091 ;*                    ROTINA DE INTERRUPÇÃO                        *
                      00092 ;* * * * * * * * * * * * * * * * * * * * * * * * * * * * * * * * * *
                      00093 ; AQUI SERÁ ESCRITA AS ROTINAS DE RECONHECIMENTO E TRATAMENTO DAS
                      00094 ; INTERRUPÇÕES
                      00095 
                      00096 ;* * * * * * * * * * * * * * * * * * * * * * * * * * * * * * * * * *
MPASM 5.77  /HOME/SUANNYFABYNE/MPLABXPROJECT   8-3-2018  18:52:42         PAGE  3


LOC  OBJECT CODE     LINE SOURCE TEXT
  VALUE

                      00097 ;*                 ROTINA DE SAÍDA DA INTERRUPÇÃO                  *
                      00098 ;* * * * * * * * * * * * * * * * * * * * * * * * * * * * * * * * * *
                      00099 ; OS VALORES DE "W" E "STATUS" DEVEM SER RECUPERADOS ANTES DE 
                      00100 ; RETORNAR DA INTERRUPÇÃO
                      00101 
0007                  00102 SAI_INT
0007   0E21           00103         SWAPF   STATUS_TEMP,W
0008   0083           00104         MOVWF   STATUS          ;MOVE STATUS_TEMP PARA STATUS
0009   0EA0           00105         SWAPF   W_TEMP,F
000A   0E20           00106         SWAPF   W_TEMP,W        ;MOVE W_TEMP PARA W
000B   0009           00107         RETFIE
                      00108 
                      00109 ;* * * * * * * * * * * * * * * * * * * * * * * * * * * * * * * * * *
                      00110 ;*                       ROTINAS E SUBROTINAS                      *
                      00111 ;* * * * * * * * * * * * * * * * * * * * * * * * * * * * * * * * * *
                      00112 ; CADA ROTINA OU SUBROTINA DEVE POSSUIR A DESCRIÇÃO DE FUNCIONAMENTO
                      00113 ; E UM NOME COERENTE ÀS SUAS FUNÇÕES.
                      00114 
000C                  00115 SUBROTINA1
                      00116 
                      00117         ;CORPO DA ROTINA
                      00118 
000C   0008           00119         RETURN
                      00120 
                      00121 ;* * * * * * * * * * * * * * * * * * * * * * * * * * * * * * * * * *
                      00122 ;*                     INICIO DO PROGRAMA                          *
                      00123 ;* * * * * * * * * * * * * * * * * * * * * * * * * * * * * * * * * *
                      00124         
000D                  00125 INICIO
000D   1683           00126         BANK1                           ;ALTERA PARA O BANCO 1
000E   3000           00127         MOVLW   B'00000000' ;CONFIGURA TODAS AS PORTAS DO GPIO (PINOS)
Message[302]: Register in operand not in bank 0.  Ensure that bank bits are correct.
000F   0085           00128         MOVWF   TRISIO          ;COMO SAÍDAS
Message[302]: Register in operand not in bank 0.  Ensure that bank bits are correct.
0010   019F           00129         CLRF    ANSEL           ;DEFINE PORTAS COMO Digital I/O
0011   3004           00130         MOVLW   B'00000100'
Message[302]: Register in operand not in bank 0.  Ensure that bank bits are correct.
0012   0081           00131         MOVWF   OPTION_REG      ;DEFINE OPÇÕES DE OPERAÇÃO
0013   3000           00132         MOVLW   B'00000000'
0014   008B           00133         MOVWF   INTCON          ;DEFINE OPÇÕES DE INTERRUPÇÕES
0015   1283           00134         BANK0                           ;RETORNA PARA O BANCO
0016   3007           00135         MOVLW   B'00000111'
0017   0099           00136         MOVWF   CMCON           ;DEFINE O MODO DE OPERAÇÃO DO COMPARADOR ANALÓGICO
                      00137 
                      00138 ;* * * * * * * * * * * * * * * * * * * * * * * * * * * * * * * * * *
                      00139 ;*                     INICIALIZAÇÃO DAS VARIÁVEIS                 *
                      00140 ;* * * * * * * * * * * * * * * * * * * * * * * * * * * * * * * * * *
                      00141 
                      00142 ;* * * * * * * * * * * * * * * * * * * * * * * * * * * * * * * * * *
                      00143 ;*                     ROTINA PRINCIPAL                            *
                      00144 ;* * * * * * * * * * * * * * * * * * * * * * * * * * * * * * * * * *
0018                  00145 MAIN
0018   3000           00146         MOVLW B'00000000'
MPASM 5.77  /HOME/SUANNYFABYNE/MPLABXPROJECT   8-3-2018  18:52:42         PAGE  4


LOC  OBJECT CODE     LINE SOURCE TEXT
  VALUE

0019   00A2           00147         MOVWF AUXILIAR
001A   3007           00148         MOVLW .7
001B   00A3           00149         MOVWF CONT
001C                  00150 CHECK1
001C   110B           00151         BCF INTCON, T0IF
001D   1985           00152         BTFSC GPIO, GP3
001E   281C           00153         GOTO CHECK1
001F   30B6           00154         MOVLW .182
0020   0081           00155         MOVWF TMR0
0021                  00156 AINDANSUBIU
0021   1985           00157         BTFSC GPIO, GP3
0022   281C           00158         GOTO CHECK1
0023   1D0B           00159         BTFSS INTCON, T0IF
0024   2821           00160         GOTO AINDANSUBIU
0025                  00161 CHECK2
0025   1D85           00162         BTFSS GPIO, GP3
0026   2825           00163         GOTO CHECK2
0027                  00164 CHECK3
0027   1985           00165         BTFSC GPIO, GP3
0028   2827           00166         GOTO CHECK3
0029   110B           00167         BCF INTCON, T0IF
002A   30ED           00168         MOVLW .237
002B   0081           00169         MOVWF TMR0
002C                  00170 CHECK4
002C   1D0B           00171         BTFSS INTCON, T0IF
002D   282C           00172         GOTO CHECK4
002E   1D85           00173         BTFSS GPIO, GP3
002F   2836           00174         GOTO SALVA1
0030   2831           00175         GOTO SALVA0
0031                  00176 SALVA0
0031   13A2           00177         BCF AUXILIAR, 7
Message[305]: Using default destination of 1 (file).
0032   0CA2           00178         RRF AUXILIAR
Message[305]: Using default destination of 1 (file).
0033   0BA3           00179         DECFSZ CONT
0034   2827           00180         GOTO CHECK3
0035   283B           00181         GOTO DONESIGNAL
                      00182         
0036                  00183 SALVA1
0036   17A2           00184         BSF AUXILIAR, 7
Message[305]: Using default destination of 1 (file).
0037   0CA2           00185         RRF AUXILIAR
Message[305]: Using default destination of 1 (file).
0038   0BA3           00186         DECFSZ CONT
0039   2825           00187         GOTO CHECK2
003A   283B           00188         GOTO DONESIGNAL
                      00189 
003B                  00190 DONESIGNAL 
003B   3014           00191         MOVLW .20
003C   00A4           00192         MOVWF CONTDELAY
003D   3009           00193         MOVLW .9
003E   0222           00194         SUBWF AUXILIAR, W ;AUXILIAR - 9
003F   1C03           00195         BTFSS STATUS, C
MPASM 5.77  /HOME/SUANNYFABYNE/MPLABXPROJECT   8-3-2018  18:52:42         PAGE  5


LOC  OBJECT CODE     LINE SOURCE TEXT
  VALUE

0040   0000           00196         NOP ;DISPLAY
0041   2844           00197         GOTO LED
0042   0000           00198         NOP
0043   2818           00199         GOTO MAIN
                      00200 
0044                  00201 LED
0044   1685           00202         BSF GPIO, GP5
0045   2847           00203         GOTO DELAY
0046                  00204 LEDOFF
0046   1285           00205         BCF GPIO, GP5
0047                  00206 DELAY
0047   3064           00207         MOVLW .100
0048   0081           00208         MOVWF TMR0
0049   110B           00209         BCF INTCON, T0IF
004A   284E           00210         GOTO TIMER
004B                  00211 CABOUTIMER
Message[305]: Using default destination of 1 (file).
004B   0BA4           00212         DECFSZ CONTDELAY
004C   2847           00213         GOTO DELAY
004D   2846           00214         GOTO LEDOFF
                      00215         
004E                  00216 TIMER 
004E   1D0B           00217         BTFSS INTCON, T0IF
004F   284E           00218         GOTO TIMER
0050   284B           00219         GOTO CABOUTIMER
                      00220         
                      00221 
                      00222 ;* * * * * * * * * * * * * * * * * * * * * * * * * * * * * * * * * *
                      00223 ;*                       FIM DO PROGRAMA                           *
                      00224 ;* * * * * * * * * * * * * * * * * * * * * * * * * * * * * * * * * *
                      00225 
                      00226         END
MPASM 5.77  /HOME/SUANNYFABYNE/MPLABXPROJECT   8-3-2018  18:52:42         PAGE  6


SYMBOL TABLE
  LABEL                             VALUE 

ADCON0                            0000001F
ADCS0                             00000004
ADCS1                             00000005
ADCS2                             00000006
ADFM                              00000007
ADIE                              00000006
ADIF                              00000006
ADON                              00000000
ADRESH                            0000001E
ADRESL                            0000009E
AINDANSUBIU                       00000021
ANS0                              00000000
ANS1                              00000001
ANS2                              00000002
ANS3                              00000003
ANSEL                             0000009F
AUXILIAR                          00000022
BANK0                             BCF STATUS,RP0
BANK1                             BSF STATUS,RP0
C                                 00000000
CABOUTIMER                        0000004B
CAL0                              00000002
CAL1                              00000003
CAL2                              00000004
CAL3                              00000005
CAL4                              00000006
CAL5                              00000007
CHECK1                            0000001C
CHECK2                            00000025
CHECK3                            00000027
CHECK4                            0000002C
CHS0                              00000002
CHS1                              00000003
CINV                              00000004
CIS                               00000003
CM0                               00000000
CM1                               00000001
CM2                               00000002
CMCON                             00000019
CMIE                              00000003
CMIF                              00000003
CONT                              00000023
CONTDELAY                         00000024
COUT                              00000006
DC                                00000001
DELAY                             00000047
DONESIGNAL                        0000003B
EEADR                             0000009B
EECON1                            0000009C
EECON2                            0000009D
EEDAT                             0000009A
EEDATA                            0000009A
EEIE                              00000007
MPASM 5.77  /HOME/SUANNYFABYNE/MPLABXPROJECT   8-3-2018  18:52:42         PAGE  7


SYMBOL TABLE
  LABEL                             VALUE 

EEIF                              00000007
F                                 00000001
FSR                               00000004
GIE                               00000007
GO                                00000001
GO_DONE                           00000001
GO_NOT_DONE                       00000001
GP0                               00000000
GP1                               00000001
GP2                               00000002
GP3                               00000003
GP4                               00000004
GP5                               00000005
GPIE                              00000003
GPIF                              00000000
GPIO                              00000005
GPIO0                             00000000
GPIO1                             00000001
GPIO2                             00000002
GPIO3                             00000003
GPIO4                             00000004
GPIO5                             00000005
INDF                              00000000
INICIO                            0000000D
INTCON                            0000000B
INTE                              00000004
INTEDG                            00000006
INTF                              00000001
IOC                               00000096
IOC0                              00000000
IOC1                              00000001
IOC2                              00000002
IOC3                              00000003
IOC4                              00000004
IOC5                              00000005
IOCB                              00000096
IOCB0                             00000000
IOCB1                             00000001
IOCB2                             00000002
IOCB3                             00000003
IOCB4                             00000004
IOCB5                             00000005
IRP                               00000007
LED                               00000044
LEDOFF                            00000046
MAIN                              00000018
NOT_BOD                           00000000
NOT_BOR                           00000000
NOT_DONE                          00000001
NOT_GPPU                          00000007
NOT_PD                            00000003
NOT_POR                           00000001
NOT_T1SYNC                        00000002
MPASM 5.77  /HOME/SUANNYFABYNE/MPLABXPROJECT   8-3-2018  18:52:42         PAGE  8


SYMBOL TABLE
  LABEL                             VALUE 

NOT_TO                            00000004
OPTION_REG                        00000081
OSCCAL                            00000090
PCL                               00000002
PCLATH                            0000000A
PCON                              0000008E
PEIE                              00000006
PIE1                              0000008C
PIR1                              0000000C
PS0                               00000000
PS1                               00000001
PS2                               00000002
PSA                               00000003
RD                                00000000
RP0                               00000005
RP1                               00000006
SAI_INT                           00000007
SALVA0                            00000031
SALVA1                            00000036
STATUS                            00000003
STATUS_TEMP                       00000021
SUBROTINA1                        0000000C
T0CS                              00000005
T0IE                              00000005
T0IF                              00000002
T0SE                              00000004
T1CKPS0                           00000004
T1CKPS1                           00000005
T1CON                             00000010
T1IE                              00000000
T1IF                              00000000
T1OSCEN                           00000003
TIMER                             0000004E
TMR0                              00000001
TMR0IE                            00000005
TMR0IF                            00000002
TMR1                              0000000E
TMR1CS                            00000001
TMR1GE                            00000006
TMR1H                             0000000F
TMR1IE                            00000000
TMR1IF                            00000000
TMR1L                             0000000E
TMR1ON                            00000000
TRISIO                            00000085
TRISIO0                           00000000
TRISIO1                           00000001
TRISIO2                           00000002
TRISIO3                           00000003
TRISIO4                           00000004
TRISIO5                           00000005
VCFG                              00000006
VR0                               00000000
MPASM 5.77  /HOME/SUANNYFABYNE/MPLABXPROJECT   8-3-2018  18:52:42         PAGE  9


SYMBOL TABLE
  LABEL                             VALUE 

VR1                               00000001
VR2                               00000002
VR3                               00000003
VRCON                             00000099
VREN                              00000007
VRR                               00000005
W                                 00000000
WPU                               00000095
WPU0                              00000000
WPU1                              00000001
WPU2                              00000002
WPU4                              00000004
WPU5                              00000005
WR                                00000001
WREN                              00000002
WRERR                             00000003
W_TEMP                            00000020
Z                                 00000002
_BODEN_OFF                        00003FBF
_BODEN_ON                         00003FFF
_BOREN_OFF                        00003FBF
_BOREN_ON                         00003FFF
_CONFIG                           00002007
_CPD_OFF                          00003FFF
_CPD_ON                           00003EFF
_CP_OFF                           00003FFF
_CP_ON                            00003F7F
_DEVID1                           00002006
_EC_OSC                           00003FFB
_EXTRC_OSC_CLKOUT                 00003FFF
_EXTRC_OSC_NOCLKOUT               00003FFE
_FOSC_EC                          00003FFB
_FOSC_EXTRCCLK                    00003FFF
_FOSC_EXTRCIO                     00003FFE
_FOSC_HS                          00003FFA
_FOSC_INTRCCLK                    00003FFD
_FOSC_INTRCIO                     00003FFC
_FOSC_LP                          00003FF8
_FOSC_XT                          00003FF9
_HS_OSC                           00003FFA
_IDLOC0                           00002000
_IDLOC1                           00002001
_IDLOC2                           00002002
_IDLOC3                           00002003
_INTRC_OSC_CLKOUT                 00003FFD
_INTRC_OSC_NOCLKOUT               00003FFC
_LP_OSC                           00003FF8
_MCLRE_OFF                        00003FDF
_MCLRE_ON                         00003FFF
_PWRTE_OFF                        00003FFF
_PWRTE_ON                         00003FEF
_WDTE_OFF                         00003FF7
_WDTE_ON                          00003FFF
MPASM 5.77  /HOME/SUANNYFABYNE/MPLABXPROJECT   8-3-2018  18:52:42         PAGE 10


SYMBOL TABLE
  LABEL                             VALUE 

_WDT_OFF                          00003FF7
_WDT_ON                           00003FFF
_XT_OSC                           00003FF9
__12F675                          00000001
__DEBUG                           
__MPLAB_DEBUGGER_SIMULATOR        1


MEMORY USAGE MAP ('X' = Used,  '-' = Unused)

0000 : X---XXXXXXXXXXXX XXXXXXXXXXXXXXXX XXXXXXXXXXXXXXXX XXXXXXXXXXXXXXXX
0040 : XXXXXXXXXXXXXXXX X--------------- ---------------- ----------------
2000 : -------X-------- ---------------- ---------------- ----------------

All other memory blocks unused.

Program Memory Words Used:    78
Program Memory Words Free:   946


Errors   :     0
Warnings :     0 reported,     0 suppressed
Messages :     8 reported,     0 suppressed

